0 info it worked if it ends with ok
1 verbose cli [ '/usr/local/bin/node', '/usr/local/bin/npm', 'i', 'nvm', '-g' ]
2 info using npm@2.15.5
3 info using node@v4.4.5
4 verbose install initial load of /usr/local/lib/package.json
5 verbose readDependencies loading dependencies from /usr/local/lib/package.json
6 silly cache add args [ 'nvm', null ]
7 verbose cache add spec nvm
8 silly cache add parsed spec Result {
8 silly cache add   raw: 'nvm',
8 silly cache add   scope: null,
8 silly cache add   name: 'nvm',
8 silly cache add   rawSpec: '',
8 silly cache add   spec: 'latest',
8 silly cache add   type: 'tag' }
9 silly addNamed nvm@latest
10 verbose addNamed "latest" is being treated as a dist-tag for nvm
11 info addNameTag [ 'nvm', 'latest' ]
12 silly mapToRegistry name nvm
13 silly mapToRegistry using default registry
14 silly mapToRegistry registry https://registry.npmjs.org/
15 silly mapToRegistry data Result {
15 silly mapToRegistry   raw: 'nvm',
15 silly mapToRegistry   scope: null,
15 silly mapToRegistry   name: 'nvm',
15 silly mapToRegistry   rawSpec: '',
15 silly mapToRegistry   spec: 'latest',
15 silly mapToRegistry   type: 'tag' }
16 silly mapToRegistry uri https://registry.npmjs.org/nvm
17 verbose addNameTag registry:https://registry.npmjs.org/nvm not in flight; fetching
18 verbose request uri https://registry.npmjs.org/nvm
19 verbose request no auth needed
20 info attempt registry request try #1 at 13:24:11
21 verbose request id 0aed145874f28e2c
22 verbose etag "4VMROBFUKTOP966R5CNN3JY5"
23 http request GET https://registry.npmjs.org/nvm
24 http 304 https://registry.npmjs.org/nvm
25 verbose headers { date: 'Wed, 15 Jun 2016 13:24:11 GMT',
25 verbose headers   via: '1.1 varnish',
25 verbose headers   'cache-control': 'max-age=300',
25 verbose headers   etag: '"4VMROBFUKTOP966R5CNN3JY5"',
25 verbose headers   age: '12',
25 verbose headers   connection: 'keep-alive',
25 verbose headers   'x-served-by': 'cache-lax1424-LAX',
25 verbose headers   'x-cache': 'HIT',
25 verbose headers   'x-cache-hits': '1',
25 verbose headers   'x-timer': 'S1465997051.204778,VS0,VE0',
25 verbose headers   vary: 'Accept-Encoding' }
26 silly get cb [ 304,
26 silly get   { date: 'Wed, 15 Jun 2016 13:24:11 GMT',
26 silly get     via: '1.1 varnish',
26 silly get     'cache-control': 'max-age=300',
26 silly get     etag: '"4VMROBFUKTOP966R5CNN3JY5"',
26 silly get     age: '12',
26 silly get     connection: 'keep-alive',
26 silly get     'x-served-by': 'cache-lax1424-LAX',
26 silly get     'x-cache': 'HIT',
26 silly get     'x-cache-hits': '1',
26 silly get     'x-timer': 'S1465997051.204778,VS0,VE0',
26 silly get     vary: 'Accept-Encoding' } ]
27 verbose etag https://registry.npmjs.org/nvm from cache
28 verbose get saving nvm to /home/ec2-user/.npm/registry.npmjs.org/nvm/.cache.json
29 verbose correctMkdir /home/ec2-user/.npm correctMkdir not in flight; initializing
30 silly addNameTag next cb for nvm with tag latest
31 silly addNamed nvm@0.0.3
32 verbose addNamed "0.0.3" is a plain semver version for nvm
33 warn deprecated nvm@0.0.3: This is NOT the correct nvm. Visit http://nvm.sh and use the curl command to install it.
34 silly cache afterAdd nvm@0.0.3
35 verbose afterAdd /home/ec2-user/.npm/nvm/0.0.3/package/package.json not in flight; writing
36 verbose correctMkdir /home/ec2-user/.npm correctMkdir not in flight; initializing
37 verbose afterAdd /home/ec2-user/.npm/nvm/0.0.3/package/package.json written
38 silly install resolved [ { name: 'nvm',
38 silly install resolved     version: '0.0.3',
38 silly install resolved     description: 'Install and managing different versions of node and installing local versions into repos.',
38 silly install resolved     dependencies: { mkdirp: '~0.3.3' },
38 silly install resolved     devDependencies: {},
38 silly install resolved     bin: { nvm: './bin/nvm' },
38 silly install resolved     scripts: { test: 'echo "Error: no test specified" && exit 1' },
38 silly install resolved     repository: { type: 'git', url: 'git://github.com/brianloveswords/nvm.git' },
38 silly install resolved     keywords: [ 'local', 'node' ],
38 silly install resolved     author: { name: 'Brian J. Brennan', url: '@brianloveswords' },
38 silly install resolved     license: 'http://wtfpl.org/',
38 silly install resolved     bugs: { url: 'https://github.com/brianloveswords/nvm/issues' },
38 silly install resolved     homepage: 'https://github.com/brianloveswords/nvm',
38 silly install resolved     _id: 'nvm@0.0.3',
38 silly install resolved     dist:
38 silly install resolved      { shasum: '1f39d2dfd16bf661534a3f7145134f4bbbef6da4',
38 silly install resolved        tarball: 'https://registry.npmjs.org/nvm/-/nvm-0.0.3.tgz' },
38 silly install resolved     _from: 'nvm@latest',
38 silly install resolved     _npmVersion: '1.4.3',
38 silly install resolved     _npmUser: { name: 'brianloveswords', email: 'brianloveswords@gmail.com' },
38 silly install resolved     maintainers: [ [Object] ],
38 silly install resolved     deprecated: 'This is NOT the correct nvm. Visit http://nvm.sh and use the curl command to install it.',
38 silly install resolved     directories: {},
38 silly install resolved     _shasum: '1f39d2dfd16bf661534a3f7145134f4bbbef6da4',
38 silly install resolved     _resolved: 'https://registry.npmjs.org/nvm/-/nvm-0.0.3.tgz',
38 silly install resolved     readme: 'ERROR: No README data found!' } ]
39 info install nvm@0.0.3 into /usr/local/lib
40 info installOne nvm@0.0.3
41 verbose installOne of nvm to /usr/local/lib not in flight; installing
42 verbose correctMkdir /home/ec2-user/.npm/_locks correctMkdir not in flight; initializing
43 verbose lock using /home/ec2-user/.npm/_locks/nvm-68b9e48761174fe5.lock for /usr/local/lib/node_modules/nvm
44 silly install write writing nvm 0.0.3 to /usr/local/lib/node_modules/nvm
45 verbose unbuild lib/node_modules/nvm
46 silly gentlyRm /usr/local/lib/node_modules/nvm is being purged from base /usr/local
47 verbose gentlyRm don't care about contents; nuking /usr/local/lib/node_modules/nvm
48 verbose tar unpack /home/ec2-user/.npm/nvm/0.0.3/package.tgz
49 verbose tar unpacking to /usr/local/lib/node_modules/nvm
50 silly gentlyRm /usr/local/lib/node_modules/nvm is being purged
51 verbose gentlyRm don't care about contents; nuking /usr/local/lib/node_modules/nvm
52 silly gunzTarPerm modes [ '775', '664' ]
53 error tar.unpack untar error /home/ec2-user/.npm/nvm/0.0.3/package.tgz
54 verbose unlock done using /home/ec2-user/.npm/_locks/nvm-68b9e48761174fe5.lock for /usr/local/lib/node_modules/nvm
55 verbose fstream_path /usr/local/lib/node_modules/nvm
56 verbose fstream_type Directory
57 verbose fstream_class DirWriter
58 verbose stack Error: EACCES: permission denied, mkdir '/usr/local/lib/node_modules/nvm'
58 verbose stack     at Error (native)
59 verbose fstream_stack /usr/local/lib/node_modules/npm/node_modules/fstream/lib/dir-writer.js:35:25
59 verbose fstream_stack /usr/local/lib/node_modules/npm/node_modules/mkdirp/index.js:47:53
59 verbose fstream_stack FSReqWrap.oncomplete (fs.js:82:15)
60 verbose cwd /home/ec2-user/webtechpage
61 error Linux 4.4.8-20.46.amzn1.x86_64
62 error argv "/usr/local/bin/node" "/usr/local/bin/npm" "i" "nvm" "-g"
63 error node v4.4.5
64 error npm  v2.15.5
65 error path /usr/local/lib/node_modules/nvm
66 error code EACCES
67 error errno -13
68 error syscall mkdir
69 error Error: EACCES: permission denied, mkdir '/usr/local/lib/node_modules/nvm'
69 error     at Error (native)
69 error  { [Error: EACCES: permission denied, mkdir '/usr/local/lib/node_modules/nvm']
69 error   errno: -13,
69 error   code: 'EACCES',
69 error   syscall: 'mkdir',
69 error   path: '/usr/local/lib/node_modules/nvm',
69 error   fstream_type: 'Directory',
69 error   fstream_path: '/usr/local/lib/node_modules/nvm',
69 error   fstream_class: 'DirWriter',
69 error   fstream_stack:
69 error    [ '/usr/local/lib/node_modules/npm/node_modules/fstream/lib/dir-writer.js:35:25',
69 error      '/usr/local/lib/node_modules/npm/node_modules/mkdirp/index.js:47:53',
69 error      'FSReqWrap.oncomplete (fs.js:82:15)' ] }
70 error Please try running this command again as root/Administrator.
71 verbose exit [ -13, true ]
72 verbose unbuild lib/node_modules/nvm
73 silly gentlyRm /usr/local/lib/node_modules/nvm is being purged from base /usr/local
74 verbose gentlyRm don't care about contents; nuking /usr/local/lib/node_modules/nvm
